# JRE version: OpenJDK Runtime Environment (Zulu 8.46.0.19-CA-win64) (8.0_252-b14) (build 1.8.0_252-b14)
# Java VM: OpenJDK 64-Bit Server VM (25.252-b14 mixed mode windows-amd64 compressed oops)
Heap:
 PSYoungGen      total 138240K, used 31994K [0x00000000d5800000, 0x00000000e5200000, 0x0000000100000000)
  eden space 133120K, 20% used [0x00000000d5800000,0x00000000d7246920,0x00000000dda00000)
  from space 5120K, 99% used [0x00000000dda00000,0x00000000ddef8020,0x00000000ddf00000)
  to   space 14848K, 0% used [0x00000000e4380000,0x00000000e4380000,0x00000000e5200000)
 ParOldGen       total 52736K, used 13102K [0x0000000080800000, 0x0000000083b80000, 0x00000000d5800000)
  object space 52736K, 24% used [0x0000000080800000,0x00000000814cbb30,0x0000000083b80000)
 Metaspace       used 32577K, capacity 34362K, committed 34560K, reserved 1079296K
  class space    used 4227K, capacity 4562K, committed 4608K, reserved 1048576K
GC Heap History (10 events):
Event: 1.062 GC heap before
{Heap before GC invocations=2 (full 0):
 PSYoungGen      total 38400K, used 37564K [0x00000000d5800000, 0x00000000da300000, 0x0000000100000000)
  eden space 33280K, 100% used [0x00000000d5800000,0x00000000d7880000,0x00000000d7880000)
  from space 5120K, 83% used [0x00000000d7880000,0x00000000d7caf1e0,0x00000000d7d80000)
  to   space 5120K, 0% used [0x00000000d9e00000,0x00000000d9e00000,0x00000000da300000)
 ParOldGen       total 87552K, used 16K [0x0000000080800000, 0x0000000085d80000, 0x00000000d5800000)
  object space 87552K, 0% used [0x0000000080800000,0x0000000080804000,0x0000000085d80000)
 Metaspace       used 12833K, capacity 13260K, committed 13568K, reserved 1060864K
  class space    used 1577K, capacity 1713K, committed 1792K, reserved 1048576K
Event: 1.070 GC heap after
Heap after GC invocations=2 (full 0):
 PSYoungGen      total 71680K, used 5089K [0x00000000d5800000, 0x00000000da300000, 0x0000000100000000)
  eden space 66560K, 0% used [0x00000000d5800000,0x00000000d5800000,0x00000000d9900000)
  from space 5120K, 99% used [0x00000000d9e00000,0x00000000da2f8730,0x00000000da300000)
  to   space 5120K, 0% used [0x00000000d9900000,0x00000000d9900000,0x00000000d9e00000)
 ParOldGen       total 87552K, used 226K [0x0000000080800000, 0x0000000085d80000, 0x00000000d5800000)
  object space 87552K, 0% used [0x0000000080800000,0x0000000080838ad0,0x0000000085d80000)
 Metaspace       used 12833K, capacity 13260K, committed 13568K, reserved 1060864K
  class space    used 1577K, capacity 1713K, committed 1792K, reserved 1048576K
}
Event: 1.553 GC heap before
{Heap before GC invocations=3 (full 0):
 PSYoungGen      total 71680K, used 71649K [0x00000000d5800000, 0x00000000da300000, 0x0000000100000000)
  eden space 66560K, 100% used [0x00000000d5800000,0x00000000d9900000,0x00000000d9900000)
  from space 5120K, 99% used [0x00000000d9e00000,0x00000000da2f8730,0x00000000da300000)
  to   space 5120K, 0% used [0x00000000d9900000,0x00000000d9900000,0x00000000d9e00000)
 ParOldGen       total 87552K, used 226K [0x0000000080800000, 0x0000000085d80000, 0x00000000d5800000)
  object space 87552K, 0% used [0x0000000080800000,0x0000000080838ad0,0x0000000085d80000)
 Metaspace       used 20342K, capacity 20988K, committed 21248K, reserved 1067008K
  class space    used 2583K, capacity 2737K, committed 2816K, reserved 1048576K
Event: 1.568 GC heap after
Heap after GC invocations=3 (full 0):
 PSYoungGen      total 71680K, used 5095K [0x00000000d5800000, 0x00000000de400000, 0x0000000100000000)
  eden space 66560K, 0% used [0x00000000d5800000,0x00000000d5800000,0x00000000d9900000)
  from space 5120K, 99% used [0x00000000d9900000,0x00000000d9df9f20,0x00000000d9e00000)
  to   space 5120K, 0% used [0x00000000ddf00000,0x00000000ddf00000,0x00000000de400000)
 ParOldGen       total 87552K, used 6052K [0x0000000080800000, 0x0000000085d80000, 0x00000000d5800000)
  object space 87552K, 6% used [0x0000000080800000,0x0000000080de9098,0x0000000085d80000)
 Metaspace       used 20342K, capacity 20988K, committed 21248K, reserved 1067008K
  class space    used 2583K, capacity 2737K, committed 2816K, reserved 1048576K
}
Event: 1.602 GC heap before
{Heap before GC invocations=4 (full 0):
 PSYoungGen      total 71680K, used 8759K [0x00000000d5800000, 0x00000000de400000, 0x0000000100000000)
  eden space 66560K, 5% used [0x00000000d5800000,0x00000000d5b93d50,0x00000000d9900000)
  from space 5120K, 99% used [0x00000000d9900000,0x00000000d9df9f20,0x00000000d9e00000)
  to   space 5120K, 0% used [0x00000000ddf00000,0x00000000ddf00000,0x00000000de400000)
 ParOldGen       total 87552K, used 6052K [0x0000000080800000, 0x0000000085d80000, 0x00000000d5800000)
  object space 87552K, 6% used [0x0000000080800000,0x0000000080de9098,0x0000000085d80000)
 Metaspace       used 20567K, capacity 21166K, committed 21248K, reserved 1067008K
  class space    used 2623K, capacity 2772K, committed 2816K, reserved 1048576K
Event: 1.613 GC heap after
Heap after GC invocations=4 (full 0):
 PSYoungGen      total 138240K, used 4896K [0x00000000d5800000, 0x00000000de400000, 0x0000000100000000)
  eden space 133120K, 0% used [0x00000000d5800000,0x00000000d5800000,0x00000000dda00000)
  from space 5120K, 95% used [0x00000000ddf00000,0x00000000de3c8000,0x00000000de400000)
  to   space 5120K, 0% used [0x00000000dda00000,0x00000000dda00000,0x00000000ddf00000)
 ParOldGen       total 87552K, used 6060K [0x0000000080800000, 0x0000000085d80000, 0x00000000d5800000)
  object space 87552K, 6% used [0x0000000080800000,0x0000000080deb098,0x0000000085d80000)
 Metaspace       used 20567K, capacity 21166K, committed 21248K, reserved 1067008K
  class space    used 2623K, capacity 2772K, committed 2816K, reserved 1048576K
}
Event: 1.613 GC heap before
{Heap before GC invocations=5 (full 1):
 PSYoungGen      total 138240K, used 4896K [0x00000000d5800000, 0x00000000de400000, 0x0000000100000000)
  eden space 133120K, 0% used [0x00000000d5800000,0x00000000d5800000,0x00000000dda00000)
  from space 5120K, 95% used [0x00000000ddf00000,0x00000000de3c8000,0x00000000de400000)
  to   space 5120K, 0% used [0x00000000dda00000,0x00000000dda00000,0x00000000ddf00000)
 ParOldGen       total 87552K, used 6060K [0x0000000080800000, 0x0000000085d80000, 0x00000000d5800000)
  object space 87552K, 6% used [0x0000000080800000,0x0000000080deb098,0x0000000085d80000)
 Metaspace       used 20567K, capacity 21166K, committed 21248K, reserved 1067008K
  class space    used 2623K, capacity 2772K, committed 2816K, reserved 1048576K
Event: 1.654 GC heap after
Heap after GC invocations=5 (full 1):
 PSYoungGen      total 138240K, used 0K [0x00000000d5800000, 0x00000000de400000, 0x0000000100000000)
  eden space 133120K, 0% used [0x00000000d5800000,0x00000000d5800000,0x00000000dda00000)
  from space 5120K, 0% used [0x00000000ddf00000,0x00000000ddf00000,0x00000000de400000)
  to   space 5120K, 0% used [0x00000000dda00000,0x00000000dda00000,0x00000000ddf00000)
 ParOldGen       total 52736K, used 4749K [0x0000000080800000, 0x0000000083b80000, 0x00000000d5800000)
  object space 52736K, 9% used [0x0000000080800000,0x0000000080ca3790,0x0000000083b80000)
 Metaspace       used 20565K, capacity 21160K, committed 21248K, reserved 1067008K
  class space    used 2622K, capacity 2771K, committed 2816K, reserved 1048576K
}
Event: 3.711 GC heap before
{Heap before GC invocations=6 (full 1):
 PSYoungGen      total 138240K, used 133120K [0x00000000d5800000, 0x00000000de400000, 0x0000000100000000)
  eden space 133120K, 100% used [0x00000000d5800000,0x00000000dda00000,0x00000000dda00000)
  from space 5120K, 0% used [0x00000000ddf00000,0x00000000ddf00000,0x00000000de400000)
  to   space 5120K, 0% used [0x00000000dda00000,0x00000000dda00000,0x00000000ddf00000)
 ParOldGen       total 52736K, used 4749K [0x0000000080800000, 0x0000000083b80000, 0x00000000d5800000)
  object space 52736K, 9% used [0x0000000080800000,0x0000000080ca3790,0x0000000083b80000)
 Metaspace       used 30348K, capacity 31962K, committed 32256K, reserved 1077248K
  class space    used 3926K, capacity 4236K, committed 4352K, reserved 1048576K
Event: 3.727 GC heap after
Heap after GC invocations=6 (full 1):
 PSYoungGen      total 138240K, used 5088K [0x00000000d5800000, 0x00000000e5200000, 0x0000000100000000)
  eden space 133120K, 0% used [0x00000000d5800000,0x00000000d5800000,0x00000000dda00000)
  from space 5120K, 99% used [0x00000000dda00000,0x00000000ddef8020,0x00000000ddf00000)
  to   space 14848K, 0% used [0x00000000e4380000,0x00000000e4380000,0x00000000e5200000)
 ParOldGen       total 52736K, used 13102K [0x0000000080800000, 0x0000000083b80000, 0x00000000d5800000)
  object space 52736K, 24% used [0x0000000080800000,0x00000000814cbb30,0x0000000083b80000)
 Metaspace       used 30348K, capacity 31962K, committed 32256K, reserved 1077248K
  class space    used 3926K, capacity 4236K, committed 4352K, reserved 1048576K
}

