# JRE version: OpenJDK Runtime Environment (Zulu 8.46.0.19-CA-win64) (8.0_252-b14) (build 1.8.0_252-b14)
# Java VM: OpenJDK 64-Bit Server VM (25.252-b14 mixed mode windows-amd64 compressed oops)
Heap:
 PSYoungGen      total 126464K, used 125548K [0x00000000d5800000, 0x00000000de900000, 0x0000000100000000)
  eden space 120320K, 99% used [0x00000000d5800000,0x00000000dccd8fb8,0x00000000dcd80000)
  from space 6144K, 95% used [0x00000000de300000,0x00000000de8c20a8,0x00000000de900000)
  to   space 8704K, 0% used [0x00000000dd800000,0x00000000dd800000,0x00000000de080000)
 ParOldGen       total 47616K, used 5230K [0x0000000080800000, 0x0000000083680000, 0x00000000d5800000)
  object space 47616K, 10% used [0x0000000080800000,0x0000000080d1bac8,0x0000000083680000)
 Metaspace       used 33347K, capacity 35172K, committed 35416K, reserved 1079296K
  class space    used 4314K, capacity 4637K, committed 4736K, reserved 1048576K
GC Heap History (10 events):
Event: 1.312 GC heap before
{Heap before GC invocations=3 (full 0):
 PSYoungGen      total 38400K, used 38373K [0x00000000d5800000, 0x00000000da300000, 0x0000000100000000)
  eden space 33280K, 100% used [0x00000000d5800000,0x00000000d7880000,0x00000000d7880000)
  from space 5120K, 99% used [0x00000000d7d80000,0x00000000d8279728,0x00000000d8280000)
  to   space 5120K, 0% used [0x00000000d7880000,0x00000000d7880000,0x00000000d7d80000)
 ParOldGen       total 87552K, used 164K [0x0000000080800000, 0x0000000085d80000, 0x00000000d5800000)
  object space 87552K, 0% used [0x0000000080800000,0x00000000808291b0,0x0000000085d80000)
 Metaspace       used 15911K, capacity 16446K, committed 16640K, reserved 1062912K
  class space    used 2056K, capacity 2178K, committed 2304K, reserved 1048576K
Event: 1.323 GC heap after
Heap after GC invocations=3 (full 0):
 PSYoungGen      total 38400K, used 5088K [0x00000000d5800000, 0x00000000da300000, 0x0000000100000000)
  eden space 33280K, 0% used [0x00000000d5800000,0x00000000d5800000,0x00000000d7880000)
  from space 5120K, 99% used [0x00000000d7880000,0x00000000d7d78158,0x00000000d7d80000)
  to   space 5120K, 0% used [0x00000000d9e00000,0x00000000d9e00000,0x00000000da300000)
 ParOldGen       total 87552K, used 1534K [0x0000000080800000, 0x0000000085d80000, 0x00000000d5800000)
  object space 87552K, 1% used [0x0000000080800000,0x000000008097fa88,0x0000000085d80000)
 Metaspace       used 15911K, capacity 16446K, committed 16640K, reserved 1062912K
  class space    used 2056K, capacity 2178K, committed 2304K, reserved 1048576K
}
Event: 1.605 GC heap before
{Heap before GC invocations=4 (full 0):
 PSYoungGen      total 38400K, used 38368K [0x00000000d5800000, 0x00000000da300000, 0x0000000100000000)
  eden space 33280K, 100% used [0x00000000d5800000,0x00000000d7880000,0x00000000d7880000)
  from space 5120K, 99% used [0x00000000d7880000,0x00000000d7d78158,0x00000000d7d80000)
  to   space 5120K, 0% used [0x00000000d9e00000,0x00000000d9e00000,0x00000000da300000)
 ParOldGen       total 87552K, used 1534K [0x0000000080800000, 0x0000000085d80000, 0x00000000d5800000)
  object space 87552K, 1% used [0x0000000080800000,0x000000008097fa88,0x0000000085d80000)
 Metaspace       used 20404K, capacity 20988K, committed 21248K, reserved 1067008K
  class space    used 2599K, capacity 2737K, committed 2816K, reserved 1048576K
Event: 1.620 GC heap after
Heap after GC invocations=4 (full 0):
 PSYoungGen      total 71680K, used 5095K [0x00000000d5800000, 0x00000000da300000, 0x0000000100000000)
  eden space 66560K, 0% used [0x00000000d5800000,0x00000000d5800000,0x00000000d9900000)
  from space 5120K, 99% used [0x00000000d9e00000,0x00000000da2f9f90,0x00000000da300000)
  to   space 5120K, 0% used [0x00000000d9900000,0x00000000d9900000,0x00000000d9e00000)
 ParOldGen       total 87552K, used 4908K [0x0000000080800000, 0x0000000085d80000, 0x00000000d5800000)
  object space 87552K, 5% used [0x0000000080800000,0x0000000080ccb150,0x0000000085d80000)
 Metaspace       used 20404K, capacity 20988K, committed 21248K, reserved 1067008K
  class space    used 2599K, capacity 2737K, committed 2816K, reserved 1048576K
}
Event: 1.637 GC heap before
{Heap before GC invocations=5 (full 0):
 PSYoungGen      total 71680K, used 7946K [0x00000000d5800000, 0x00000000da300000, 0x0000000100000000)
  eden space 66560K, 4% used [0x00000000d5800000,0x00000000d5ac89b0,0x00000000d9900000)
  from space 5120K, 99% used [0x00000000d9e00000,0x00000000da2f9f90,0x00000000da300000)
  to   space 5120K, 0% used [0x00000000d9900000,0x00000000d9900000,0x00000000d9e00000)
 ParOldGen       total 87552K, used 4908K [0x0000000080800000, 0x0000000085d80000, 0x00000000d5800000)
  object space 87552K, 5% used [0x0000000080800000,0x0000000080ccb150,0x0000000085d80000)
 Metaspace       used 20553K, capacity 21166K, committed 21248K, reserved 1067008K
  class space    used 2624K, capacity 2772K, committed 2816K, reserved 1048576K
Event: 1.647 GC heap after
Heap after GC invocations=5 (full 0):
 PSYoungGen      total 71680K, used 4848K [0x00000000d5800000, 0x00000000dec00000, 0x0000000100000000)
  eden space 66560K, 0% used [0x00000000d5800000,0x00000000d5800000,0x00000000d9900000)
  from space 5120K, 94% used [0x00000000d9900000,0x00000000d9dbc010,0x00000000d9e00000)
  to   space 9216K, 0% used [0x00000000de300000,0x00000000de300000,0x00000000dec00000)
 ParOldGen       total 87552K, used 4916K [0x0000000080800000, 0x0000000085d80000, 0x00000000d5800000)
  object space 87552K, 5% used [0x0000000080800000,0x0000000080ccd150,0x0000000085d80000)
 Metaspace       used 20553K, capacity 21166K, committed 21248K, reserved 1067008K
  class space    used 2624K, capacity 2772K, committed 2816K, reserved 1048576K
}
Event: 1.647 GC heap before
{Heap before GC invocations=6 (full 1):
 PSYoungGen      total 71680K, used 4848K [0x00000000d5800000, 0x00000000dec00000, 0x0000000100000000)
  eden space 66560K, 0% used [0x00000000d5800000,0x00000000d5800000,0x00000000d9900000)
  from space 5120K, 94% used [0x00000000d9900000,0x00000000d9dbc010,0x00000000d9e00000)
  to   space 9216K, 0% used [0x00000000de300000,0x00000000de300000,0x00000000dec00000)
 ParOldGen       total 87552K, used 4916K [0x0000000080800000, 0x0000000085d80000, 0x00000000d5800000)
  object space 87552K, 5% used [0x0000000080800000,0x0000000080ccd150,0x0000000085d80000)
 Metaspace       used 20553K, capacity 21166K, committed 21248K, reserved 1067008K
  class space    used 2624K, capacity 2772K, committed 2816K, reserved 1048576K
Event: 1.683 GC heap after
Heap after GC invocations=6 (full 1):
 PSYoungGen      total 71680K, used 0K [0x00000000d5800000, 0x00000000dec00000, 0x0000000100000000)
  eden space 66560K, 0% used [0x00000000d5800000,0x00000000d5800000,0x00000000d9900000)
  from space 5120K, 0% used [0x00000000d9900000,0x00000000d9900000,0x00000000d9e00000)
  to   space 9216K, 0% used [0x00000000de300000,0x00000000de300000,0x00000000dec00000)
 ParOldGen       total 47616K, used 5222K [0x0000000080800000, 0x0000000083680000, 0x00000000d5800000)
  object space 47616K, 10% used [0x0000000080800000,0x0000000080d19ac8,0x0000000083680000)
 Metaspace       used 20551K, capacity 21160K, committed 21248K, reserved 1067008K
  class space    used 2624K, capacity 2771K, committed 2816K, reserved 1048576K
}
Event: 2.628 GC heap before
{Heap before GC invocations=7 (full 1):
 PSYoungGen      total 71680K, used 66560K [0x00000000d5800000, 0x00000000dec00000, 0x0000000100000000)
  eden space 66560K, 100% used [0x00000000d5800000,0x00000000d9900000,0x00000000d9900000)
  from space 5120K, 0% used [0x00000000d9900000,0x00000000d9900000,0x00000000d9e00000)
  to   space 9216K, 0% used [0x00000000de300000,0x00000000de300000,0x00000000dec00000)
 ParOldGen       total 47616K, used 5222K [0x0000000080800000, 0x0000000083680000, 0x00000000d5800000)
  object space 47616K, 10% used [0x0000000080800000,0x0000000080d19ac8,0x0000000083680000)
 Metaspace       used 24525K, capacity 25362K, committed 25472K, reserved 1071104K
  class space    used 3144K, capacity 3355K, committed 3456K, reserved 1048576K
Event: 2.637 GC heap after
Heap after GC invocations=7 (full 1):
 PSYoungGen      total 126464K, used 5896K [0x00000000d5800000, 0x00000000de900000, 0x0000000100000000)
  eden space 120320K, 0% used [0x00000000d5800000,0x00000000d5800000,0x00000000dcd80000)
  from space 6144K, 95% used [0x00000000de300000,0x00000000de8c20a8,0x00000000de900000)
  to   space 8704K, 0% used [0x00000000dd800000,0x00000000dd800000,0x00000000de080000)
 ParOldGen       total 47616K, used 5230K [0x0000000080800000, 0x0000000083680000, 0x00000000d5800000)
  object space 47616K, 10% used [0x0000000080800000,0x0000000080d1bac8,0x0000000083680000)
 Metaspace       used 24525K, capacity 25362K, committed 25472K, reserved 1071104K
  class space    used 3144K, capacity 3355K, committed 3456K, reserved 1048576K
}

